2024/06/02 21:31:42 [info] 6544: 监听8080端口成功!
2024/06/02 21:31:42 [notice] 6545: master process ./nginx 6545 【master进程】启动并开始运行......!
2024/06/02 21:31:43 [notice] 6546: worker process 6546 【worker进程】启动并开始运行......!
2024/06/02 21:31:43 [notice] 6547: worker process 6547 【worker进程】启动并开始运行......!
2024/06/02 21:31:43 [notice] 6550: worker process 6550 【worker进程】启动并开始运行......!
2024/06/02 21:31:43 [notice] 6554: worker process 6554 【worker进程】启动并开始运行......!
2024/06/02 21:31:49 [stderr] 6554: nginx: ------------------------------------begin--------------------------------------
2024/06/02 21:31:49 [stderr] 6554: nginx: 当前在线人数/总人数(1/2048)。
2024/06/02 21:31:49 [stderr] 6554: nginx: 连接池中空闲连接/总连接/要释放的连接(2046/2048/0)。
2024/06/02 21:31:49 [stderr] 6554: nginx: 当前时间队列大小(1)。
2024/06/02 21:31:49 [stderr] 6554: nginx: 当前收消息队列/发消息队列大小分别为(0/0)，丢弃的待发送数据包数量为0。
2024/06/02 21:31:49 [stderr] 6554: nginx: -------------------------------------end---------------------------------------
2024/06/02 21:33:14 [stderr] 6554: nginx: ------------------------------------begin--------------------------------------
2024/06/02 21:33:14 [stderr] 6554: nginx: 当前在线人数/总人数(1/2048)。
2024/06/02 21:33:14 [stderr] 6554: nginx: 连接池中空闲连接/总连接/要释放的连接(2044/2048/2)。
2024/06/02 21:33:14 [stderr] 6554: nginx: 当前时间队列大小(1)。
2024/06/02 21:33:14 [stderr] 6554: nginx: 当前收消息队列/发消息队列大小分别为(0/0)，丢弃的待发送数据包数量为0。
2024/06/02 21:33:14 [stderr] 6554: nginx: -------------------------------------end---------------------------------------
2024/06/02 21:34:43 [stderr] 6554: nginx: ------------------------------------begin--------------------------------------
2024/06/02 21:34:43 [stderr] 6554: nginx: 当前在线人数/总人数(1/2048)。
2024/06/02 21:34:43 [stderr] 6554: nginx: 连接池中空闲连接/总连接/要释放的连接(2042/2048/4)。
2024/06/02 21:34:43 [stderr] 6554: nginx: 当前时间队列大小(1)。
2024/06/02 21:34:43 [stderr] 6554: nginx: 当前收消息队列/发消息队列大小分别为(0/0)，丢弃的待发送数据包数量为0。
2024/06/02 21:34:43 [stderr] 6554: nginx: -------------------------------------end---------------------------------------
2024/06/02 21:34:43 [stderr] 6546: nginx: ------------------------------------begin--------------------------------------
2024/06/02 21:34:43 [stderr] 6546: nginx: 当前在线人数/总人数(0/2048)。
2024/06/02 21:34:43 [stderr] 6546: nginx: 连接池中空闲连接/总连接/要释放的连接(2047/2048/0)。
2024/06/02 21:34:43 [stderr] 6546: nginx: 当前时间队列大小(0)。
2024/06/02 21:34:43 [stderr] 6546: nginx: 当前收消息队列/发消息队列大小分别为(0/0)，丢弃的待发送数据包数量为0。
2024/06/02 21:34:43 [stderr] 6546: nginx: -------------------------------------end---------------------------------------
2024/06/02 21:35:58 [stderr] 6554: nginx: ------------------------------------begin--------------------------------------
2024/06/02 21:35:58 [stderr] 6554: nginx: 当前在线人数/总人数(1/2048)。
2024/06/02 21:35:58 [stderr] 6554: nginx: 连接池中空闲连接/总连接/要释放的连接(2043/2048/3)。
2024/06/02 21:35:58 [stderr] 6554: nginx: 当前时间队列大小(1)。
2024/06/02 21:35:58 [stderr] 6554: nginx: 当前收消息队列/发消息队列大小分别为(0/0)，丢弃的待发送数据包数量为0。
2024/06/02 21:35:58 [stderr] 6554: nginx: -------------------------------------end---------------------------------------
2024/06/02 21:35:59 [stderr] 6546: nginx: ------------------------------------begin--------------------------------------
2024/06/02 21:35:59 [stderr] 6546: nginx: 当前在线人数/总人数(1/2048)。
2024/06/02 21:35:59 [stderr] 6546: nginx: 连接池中空闲连接/总连接/要释放的连接(2046/2048/0)。
2024/06/02 21:35:59 [stderr] 6546: nginx: 当前时间队列大小(1)。
2024/06/02 21:35:59 [stderr] 6546: nginx: 当前收消息队列/发消息队列大小分别为(0/0)，丢弃的待发送数据包数量为0。
2024/06/02 21:35:59 [stderr] 6546: nginx: -------------------------------------end---------------------------------------
2024/06/02 21:36:12 [stderr] 6546: nginx: ------------------------------------begin--------------------------------------
2024/06/02 21:36:12 [stderr] 6546: nginx: 当前在线人数/总人数(0/2048)。
2024/06/02 21:36:12 [stderr] 6546: nginx: 连接池中空闲连接/总连接/要释放的连接(2046/2048/1)。
2024/06/02 21:36:12 [stderr] 6546: nginx: 当前时间队列大小(0)。
2024/06/02 21:36:12 [stderr] 6546: nginx: 当前收消息队列/发消息队列大小分别为(0/0)，丢弃的待发送数据包数量为0。
2024/06/02 21:36:12 [stderr] 6546: nginx: -------------------------------------end---------------------------------------
2024/06/02 21:36:12 [stderr] 6554: nginx: ------------------------------------begin--------------------------------------
2024/06/02 21:36:12 [stderr] 6554: nginx: 当前在线人数/总人数(1/2048)。
2024/06/02 21:36:12 [stderr] 6554: nginx: 连接池中空闲连接/总连接/要释放的连接(2041/2048/5)。
2024/06/02 21:36:12 [stderr] 6554: nginx: 当前时间队列大小(1)。
2024/06/02 21:36:12 [stderr] 6554: nginx: 当前收消息队列/发消息队列大小分别为(0/0)，丢弃的待发送数据包数量为0。
2024/06/02 21:36:12 [stderr] 6554: nginx: -------------------------------------end---------------------------------------
2024/06/02 21:36:44 [stderr] 6554: nginx: ------------------------------------begin--------------------------------------
2024/06/02 21:36:44 [stderr] 6554: nginx: 当前在线人数/总人数(2/2048)。
2024/06/02 21:36:44 [stderr] 6554: nginx: 连接池中空闲连接/总连接/要释放的连接(2040/2048/5)。
2024/06/02 21:36:44 [stderr] 6554: nginx: 当前时间队列大小(2)。
2024/06/02 21:36:44 [stderr] 6554: nginx: 当前收消息队列/发消息队列大小分别为(0/0)，丢弃的待发送数据包数量为0。
2024/06/02 21:36:44 [stderr] 6554: nginx: -------------------------------------end---------------------------------------
2024/06/02 21:37:36 [stderr] 6554: nginx: ------------------------------------begin--------------------------------------
2024/06/02 21:37:36 [stderr] 6554: nginx: 当前在线人数/总人数(1/2048)。
2024/06/02 21:37:36 [stderr] 6554: nginx: 连接池中空闲连接/总连接/要释放的连接(2041/2048/5)。
2024/06/02 21:37:36 [stderr] 6554: nginx: 当前时间队列大小(1)。
2024/06/02 21:37:36 [stderr] 6554: nginx: 当前收消息队列/发消息队列大小分别为(0/0)，丢弃的待发送数据包数量为0。
2024/06/02 21:37:36 [stderr] 6554: nginx: -------------------------------------end---------------------------------------
2024/06/02 21:39:15 [stderr] 6554: nginx: ------------------------------------begin--------------------------------------
2024/06/02 21:39:15 [stderr] 6546: nginx: ------------------------------------begin--------------------------------------
2024/06/02 21:39:15 [stderr] 6554: nginx: 当前在线人数/总人数(1/2048)。
2024/06/02 21:39:15 [stderr] 6546: nginx: 当前在线人数/总人数(0/2048)。
2024/06/02 21:39:15 [stderr] 6554: nginx: 连接池中空闲连接/总连接/要释放的连接(2043/2048/3)。
2024/06/02 21:39:15 [stderr] 6546: nginx: 连接池中空闲连接/总连接/要释放的连接(2047/2048/0)。
2024/06/02 21:39:15 [stderr] 6554: nginx: 当前时间队列大小(1)。
2024/06/02 21:39:15 [stderr] 6546: nginx: 当前时间队列大小(0)。
2024/06/02 21:39:15 [stderr] 6546: nginx: 当前收消息队列/发消息队列大小分别为(0/0)，丢弃的待发送数据包数量为0。
2024/06/02 21:39:15 [stderr] 6554: nginx: 当前收消息队列/发消息队列大小分别为(0/0)，丢弃的待发送数据包数量为0。
2024/06/02 21:39:15 [stderr] 6546: nginx: -------------------------------------end---------------------------------------
2024/06/02 21:39:15 [stderr] 6554: nginx: -------------------------------------end---------------------------------------
2024/06/02 21:40:17 [stderr] 6554: nginx: ------------------------------------begin--------------------------------------
2024/06/02 21:40:17 [stderr] 6554: nginx: 当前在线人数/总人数(1/2048)。
2024/06/02 21:40:17 [stderr] 6554: nginx: 连接池中空闲连接/总连接/要释放的连接(2044/2048/2)。
2024/06/02 21:40:17 [stderr] 6554: nginx: 当前时间队列大小(1)。
2024/06/02 21:40:17 [stderr] 6554: nginx: 当前收消息队列/发消息队列大小分别为(0/0)，丢弃的待发送数据包数量为0。
2024/06/02 21:40:17 [stderr] 6554: nginx: -------------------------------------end---------------------------------------
2024/06/02 21:53:09 [stderr] 6546: nginx: ------------------------------------begin--------------------------------------
2024/06/02 21:53:09 [stderr] 6554: nginx: ------------------------------------begin--------------------------------------
2024/06/02 21:53:09 [stderr] 6546: nginx: 当前在线人数/总人数(0/2048)。
2024/06/02 21:53:09 [stderr] 6554: nginx: 当前在线人数/总人数(1/2048)。
2024/06/02 21:53:09 [stderr] 6554: nginx: 连接池中空闲连接/总连接/要释放的连接(2046/2048/0)。
2024/06/02 21:53:09 [stderr] 6546: nginx: 连接池中空闲连接/总连接/要释放的连接(2047/2048/0)。
2024/06/02 21:53:09 [stderr] 6554: nginx: 当前时间队列大小(1)。
2024/06/02 21:53:09 [stderr] 6554: nginx: 当前收消息队列/发消息队列大小分别为(0/0)，丢弃的待发送数据包数量为0。
2024/06/02 21:53:09 [stderr] 6546: nginx: 当前时间队列大小(0)。
2024/06/02 21:53:09 [stderr] 6554: nginx: -------------------------------------end---------------------------------------
2024/06/02 21:53:09 [stderr] 6546: nginx: 当前收消息队列/发消息队列大小分别为(0/0)，丢弃的待发送数据包数量为0。
2024/06/02 21:53:09 [stderr] 6546: nginx: -------------------------------------end---------------------------------------
2024/06/02 21:53:21 [stderr] 6554: nginx: ------------------------------------begin--------------------------------------
2024/06/02 21:53:21 [stderr] 6546: nginx: ------------------------------------begin--------------------------------------
2024/06/02 21:53:21 [stderr] 6554: nginx: 当前在线人数/总人数(2/2048)。
2024/06/02 21:53:21 [stderr] 6546: nginx: 当前在线人数/总人数(0/2048)。
2024/06/02 21:53:21 [stderr] 6554: nginx: 连接池中空闲连接/总连接/要释放的连接(2045/2048/0)。
2024/06/02 21:53:21 [stderr] 6546: nginx: 连接池中空闲连接/总连接/要释放的连接(2047/2048/0)。
2024/06/02 21:53:21 [stderr] 6554: nginx: 当前时间队列大小(2)。
2024/06/02 21:53:21 [stderr] 6546: nginx: 当前时间队列大小(0)。
2024/06/02 21:53:21 [stderr] 6554: nginx: 当前收消息队列/发消息队列大小分别为(0/0)，丢弃的待发送数据包数量为0。
2024/06/02 21:53:21 [stderr] 6546: nginx: 当前收消息队列/发消息队列大小分别为(0/0)，丢弃的待发送数据包数量为0。
2024/06/02 21:53:21 [stderr] 6554: nginx: -------------------------------------end---------------------------------------
2024/06/02 21:53:21 [stderr] 6546: nginx: -------------------------------------end---------------------------------------
2024/06/02 21:53:44 [stderr] 6554: nginx: ------------------------------------begin--------------------------------------
2024/06/02 21:53:44 [stderr] 6554: nginx: 当前在线人数/总人数(4/2048)。
2024/06/02 21:53:44 [stderr] 6554: nginx: 连接池中空闲连接/总连接/要释放的连接(2043/2048/0)。
2024/06/02 21:53:44 [stderr] 6554: nginx: 当前时间队列大小(4)。
2024/06/02 21:53:44 [stderr] 6554: nginx: 当前收消息队列/发消息队列大小分别为(0/0)，丢弃的待发送数据包数量为0。
2024/06/02 21:53:44 [stderr] 6554: nginx: -------------------------------------end---------------------------------------
2024/06/02 21:55:01 [stderr] 6554: nginx: ------------------------------------begin--------------------------------------
2024/06/02 21:55:01 [stderr] 6554: nginx: 当前在线人数/总人数(2/2048)。
2024/06/02 21:55:01 [stderr] 6554: nginx: 连接池中空闲连接/总连接/要释放的连接(2042/2048/3)。
2024/06/02 21:55:01 [stderr] 6554: nginx: 当前时间队列大小(2)。
2024/06/02 21:55:01 [stderr] 6554: nginx: 当前收消息队列/发消息队列大小分别为(0/0)，丢弃的待发送数据包数量为0。
2024/06/02 21:55:01 [stderr] 6554: nginx: -------------------------------------end---------------------------------------
2024/06/02 21:55:35 [stderr] 6554: nginx: ------------------------------------begin--------------------------------------
2024/06/02 21:55:35 [stderr] 6554: nginx: 当前在线人数/总人数(2/2048)。
2024/06/02 21:55:35 [stderr] 6554: nginx: 连接池中空闲连接/总连接/要释放的连接(2041/2048/4)。
2024/06/02 21:55:35 [stderr] 6554: nginx: 当前时间队列大小(2)。
2024/06/02 21:55:35 [stderr] 6554: nginx: 当前收消息队列/发消息队列大小分别为(0/0)，丢弃的待发送数据包数量为0。
2024/06/02 21:55:35 [stderr] 6554: nginx: -------------------------------------end---------------------------------------
2024/06/02 21:55:58 [stderr] 6554: nginx: ------------------------------------begin--------------------------------------
2024/06/02 21:55:58 [stderr] 6554: nginx: 当前在线人数/总人数(2/2048)。
2024/06/02 21:55:58 [stderr] 6554: nginx: 连接池中空闲连接/总连接/要释放的连接(2039/2048/6)。
2024/06/02 21:55:58 [stderr] 6554: nginx: 当前时间队列大小(2)。
2024/06/02 21:55:58 [stderr] 6554: nginx: 当前收消息队列/发消息队列大小分别为(0/0)，丢弃的待发送数据包数量为0。
2024/06/02 21:55:58 [stderr] 6554: nginx: -------------------------------------end---------------------------------------
2024/06/02 21:56:14 [stderr] 6554: nginx: ------------------------------------begin--------------------------------------
2024/06/02 21:56:14 [stderr] 6554: nginx: 当前在线人数/总人数(2/2048)。
2024/06/02 21:56:14 [stderr] 6554: nginx: 连接池中空闲连接/总连接/要释放的连接(2038/2048/7)。
2024/06/02 21:56:14 [stderr] 6554: nginx: 当前时间队列大小(2)。
2024/06/02 21:56:14 [stderr] 6554: nginx: 当前收消息队列/发消息队列大小分别为(0/0)，丢弃的待发送数据包数量为0。
2024/06/02 21:56:14 [stderr] 6554: nginx: -------------------------------------end---------------------------------------
2024/06/02 21:56:15 [stderr] 6546: nginx: ------------------------------------begin--------------------------------------
2024/06/02 21:56:15 [stderr] 6546: nginx: 当前在线人数/总人数(0/2048)。
2024/06/02 21:56:15 [stderr] 6546: nginx: 连接池中空闲连接/总连接/要释放的连接(2047/2048/0)。
2024/06/02 21:56:15 [stderr] 6546: nginx: 当前时间队列大小(0)。
2024/06/02 21:56:15 [stderr] 6546: nginx: 当前收消息队列/发消息队列大小分别为(0/0)，丢弃的待发送数据包数量为0。
2024/06/02 21:56:15 [stderr] 6546: nginx: -------------------------------------end---------------------------------------
2024/06/02 21:56:27 [stderr] 6554: nginx: ------------------------------------begin--------------------------------------
2024/06/02 21:56:27 [stderr] 6554: nginx: 当前在线人数/总人数(2/2048)。
2024/06/02 21:56:27 [stderr] 6554: nginx: 连接池中空闲连接/总连接/要释放的连接(2036/2048/9)。
2024/06/02 21:56:27 [stderr] 6554: nginx: 当前时间队列大小(2)。
2024/06/02 21:56:27 [stderr] 6554: nginx: 当前收消息队列/发消息队列大小分别为(0/0)，丢弃的待发送数据包数量为0。
2024/06/02 21:56:27 [stderr] 6554: nginx: -------------------------------------end---------------------------------------
2024/06/02 21:56:29 [stderr] 6546: nginx: ------------------------------------begin--------------------------------------
2024/06/02 21:56:29 [stderr] 6546: nginx: 当前在线人数/总人数(0/2048)。
2024/06/02 21:56:29 [stderr] 6546: nginx: 连接池中空闲连接/总连接/要释放的连接(2047/2048/0)。
2024/06/02 21:56:29 [stderr] 6546: nginx: 当前时间队列大小(0)。
2024/06/02 21:56:29 [stderr] 6546: nginx: 当前收消息队列/发消息队列大小分别为(0/0)，丢弃的待发送数据包数量为0。
2024/06/02 21:56:29 [stderr] 6546: nginx: -------------------------------------end---------------------------------------
2024/06/02 21:56:38 [stderr] 6554: nginx: ------------------------------------begin--------------------------------------
2024/06/02 21:56:38 [stderr] 6554: nginx: 当前在线人数/总人数(4/2048)。
2024/06/02 21:56:38 [stderr] 6554: nginx: 连接池中空闲连接/总连接/要释放的连接(2034/2048/9)。
2024/06/02 21:56:38 [stderr] 6554: nginx: 当前时间队列大小(4)。
2024/06/02 21:56:38 [stderr] 6554: nginx: 当前收消息队列/发消息队列大小分别为(0/0)，丢弃的待发送数据包数量为0。
2024/06/02 21:56:38 [stderr] 6554: nginx: -------------------------------------end---------------------------------------
2024/06/02 21:59:45 [stderr] 6554: nginx: ------------------------------------begin--------------------------------------
2024/06/02 21:59:45 [stderr] 6554: nginx: 当前在线人数/总人数(1/2048)。
2024/06/02 21:59:45 [stderr] 6554: nginx: 连接池中空闲连接/总连接/要释放的连接(2042/2048/4)。
2024/06/02 21:59:45 [stderr] 6554: nginx: 当前时间队列大小(1)。
2024/06/02 21:59:45 [stderr] 6554: nginx: 当前收消息队列/发消息队列大小分别为(0/0)，丢弃的待发送数据包数量为0。
2024/06/02 21:59:45 [stderr] 6554: nginx: -------------------------------------end---------------------------------------
2024/06/02 21:59:57 [stderr] 6546: nginx: ------------------------------------begin--------------------------------------
2024/06/02 21:59:57 [stderr] 6554: nginx: ------------------------------------begin--------------------------------------
2024/06/02 21:59:57 [stderr] 6546: nginx: 当前在线人数/总人数(1/2048)。
2024/06/02 21:59:57 [stderr] 6554: nginx: 当前在线人数/总人数(1/2048)。
2024/06/02 21:59:57 [stderr] 6546: nginx: 连接池中空闲连接/总连接/要释放的连接(2046/2048/0)。
2024/06/02 21:59:57 [stderr] 6554: nginx: 连接池中空闲连接/总连接/要释放的连接(2042/2048/4)。
2024/06/02 21:59:57 [stderr] 6546: nginx: 当前时间队列大小(1)。
2024/06/02 21:59:57 [stderr] 6554: nginx: 当前时间队列大小(1)。
2024/06/02 21:59:57 [stderr] 6546: nginx: 当前收消息队列/发消息队列大小分别为(0/0)，丢弃的待发送数据包数量为0。
2024/06/02 21:59:57 [stderr] 6554: nginx: 当前收消息队列/发消息队列大小分别为(0/0)，丢弃的待发送数据包数量为0。
2024/06/02 21:59:57 [stderr] 6546: nginx: -------------------------------------end---------------------------------------
2024/06/02 21:59:57 [stderr] 6554: nginx: -------------------------------------end---------------------------------------
2024/06/02 21:59:57 [stderr] 6550: nginx: ------------------------------------begin--------------------------------------
2024/06/02 21:59:57 [stderr] 6550: nginx: 当前在线人数/总人数(0/2048)。
2024/06/02 21:59:57 [stderr] 6550: nginx: 连接池中空闲连接/总连接/要释放的连接(2047/2048/0)。
2024/06/02 21:59:57 [stderr] 6550: nginx: 当前时间队列大小(0)。
2024/06/02 21:59:57 [stderr] 6550: nginx: 当前收消息队列/发消息队列大小分别为(0/0)，丢弃的待发送数据包数量为0。
2024/06/02 21:59:57 [stderr] 6550: nginx: -------------------------------------end---------------------------------------
2024/06/02 22:00:15 [stderr] 6554: nginx: ------------------------------------begin--------------------------------------
2024/06/02 22:00:15 [stderr] 6554: nginx: 当前在线人数/总人数(0/2048)。
2024/06/02 22:00:15 [stderr] 6554: nginx: 连接池中空闲连接/总连接/要释放的连接(2044/2048/3)。
2024/06/02 22:00:15 [stderr] 6554: nginx: 当前时间队列大小(0)。
2024/06/02 22:00:15 [stderr] 6554: nginx: 当前收消息队列/发消息队列大小分别为(0/0)，丢弃的待发送数据包数量为0。
2024/06/02 22:00:15 [stderr] 6554: nginx: -------------------------------------end---------------------------------------
2024/06/02 22:00:54 [info] 20719: 监听8080端口成功!
2024/06/02 22:00:54 [notice] 20720: master process ./nginx 20720 【master进程】启动并开始运行......!
2024/06/02 22:00:55 [notice] 20722: worker process 20722 【worker进程】启动并开始运行......!
2024/06/02 22:00:55 [notice] 20724: worker process 20724 【worker进程】启动并开始运行......!
2024/06/02 22:00:55 [notice] 20721: worker process 20721 【worker进程】启动并开始运行......!
2024/06/02 22:00:55 [notice] 20727: worker process 20727 【worker进程】启动并开始运行......!
2024/06/02 22:01:04 [stderr] 20727: nginx: ------------------------------------begin--------------------------------------
2024/06/02 22:01:04 [stderr] 20727: nginx: 当前在线人数/总人数(1/2048)。
2024/06/02 22:01:04 [stderr] 20727: nginx: 连接池中空闲连接/总连接/要释放的连接(2046/2048/0)。
2024/06/02 22:01:04 [stderr] 20727: nginx: 当前时间队列大小(1)。
2024/06/02 22:01:04 [stderr] 20727: nginx: 当前收消息队列/发消息队列大小分别为(0/0)，丢弃的待发送数据包数量为0。
2024/06/02 22:01:04 [stderr] 20727: nginx: -------------------------------------end---------------------------------------
2024/06/02 22:01:34 [stderr] 20727: nginx: ------------------------------------begin--------------------------------------
2024/06/02 22:01:34 [stderr] 20727: nginx: 当前在线人数/总人数(0/2048)。
2024/06/02 22:01:34 [stderr] 20727: nginx: 连接池中空闲连接/总连接/要释放的连接(2046/2048/1)。
2024/06/02 22:01:34 [stderr] 20727: nginx: 当前时间队列大小(0)。
2024/06/02 22:01:34 [stderr] 20727: nginx: 当前收消息队列/发消息队列大小分别为(0/0)，丢弃的待发送数据包数量为0。
2024/06/02 22:01:34 [stderr] 20727: nginx: -------------------------------------end---------------------------------------
2024/06/02 22:01:48 [stderr] 20727: nginx: ------------------------------------begin--------------------------------------
2024/06/02 22:01:48 [stderr] 20727: nginx: 当前在线人数/总人数(0/2048)。
2024/06/02 22:01:48 [stderr] 20727: nginx: 连接池中空闲连接/总连接/要释放的连接(2045/2048/2)。
2024/06/02 22:01:48 [stderr] 20727: nginx: 当前时间队列大小(0)。
2024/06/02 22:01:48 [stderr] 20727: nginx: 当前收消息队列/发消息队列大小分别为(0/0)，丢弃的待发送数据包数量为0。
2024/06/02 22:01:48 [stderr] 20727: nginx: -------------------------------------end---------------------------------------
2024/06/02 22:01:54 [stderr] 6546: nginx: ------------------------------------begin--------------------------------------
2024/06/02 22:01:54 [stderr] 6554: nginx: ------------------------------------begin--------------------------------------
2024/06/02 22:01:54 [stderr] 6546: nginx: 当前在线人数/总人数(0/2048)。
2024/06/02 22:01:54 [stderr] 6554: nginx: 当前在线人数/总人数(1/2048)。
2024/06/02 22:01:54 [stderr] 6546: nginx: 连接池中空闲连接/总连接/要释放的连接(2045/2048/2)。
2024/06/02 22:01:54 [stderr] 6554: nginx: 连接池中空闲连接/总连接/要释放的连接(2045/2048/1)。
2024/06/02 22:01:54 [stderr] 6546: nginx: 当前时间队列大小(0)。
2024/06/02 22:01:54 [stderr] 6554: nginx: 当前时间队列大小(1)。
2024/06/02 22:01:54 [stderr] 6554: nginx: 当前收消息队列/发消息队列大小分别为(0/0)，丢弃的待发送数据包数量为0。
2024/06/02 22:01:54 [stderr] 6546: nginx: 当前收消息队列/发消息队列大小分别为(0/0)，丢弃的待发送数据包数量为0。
2024/06/02 22:01:54 [stderr] 6554: nginx: -------------------------------------end---------------------------------------
2024/06/02 22:01:54 [stderr] 6546: nginx: -------------------------------------end---------------------------------------
2024/06/02 22:03:10 [stderr] 20727: nginx: ------------------------------------begin--------------------------------------
2024/06/02 22:03:10 [stderr] 20727: nginx: 当前在线人数/总人数(1/2048)。
2024/06/02 22:03:10 [stderr] 20727: nginx: 连接池中空闲连接/总连接/要释放的连接(2044/2048/2)。
2024/06/02 22:03:10 [stderr] 20727: nginx: 当前时间队列大小(1)。
2024/06/02 22:03:10 [stderr] 20727: nginx: 当前收消息队列/发消息队列大小分别为(0/0)，丢弃的待发送数据包数量为0。
2024/06/02 22:03:10 [stderr] 20727: nginx: -------------------------------------end---------------------------------------
2024/06/02 22:03:40 [stderr] 20727: nginx: ------------------------------------begin--------------------------------------
2024/06/02 22:03:40 [stderr] 20727: nginx: 当前在线人数/总人数(0/2048)。
2024/06/02 22:03:40 [stderr] 20727: nginx: 连接池中空闲连接/总连接/要释放的连接(2044/2048/3)。
2024/06/02 22:03:40 [stderr] 20727: nginx: 当前时间队列大小(0)。
2024/06/02 22:03:40 [stderr] 20727: nginx: 当前收消息队列/发消息队列大小分别为(0/0)，丢弃的待发送数据包数量为0。
2024/06/02 22:03:40 [stderr] 20727: nginx: -------------------------------------end---------------------------------------
2024/06/02 22:04:16 [stderr] 20727: nginx: ------------------------------------begin--------------------------------------
2024/06/02 22:04:16 [stderr] 20727: nginx: 当前在线人数/总人数(1/2048)。
2024/06/02 22:04:16 [stderr] 20727: nginx: 连接池中空闲连接/总连接/要释放的连接(2044/2048/2)。
2024/06/02 22:04:16 [stderr] 20727: nginx: 当前时间队列大小(1)。
2024/06/02 22:04:16 [stderr] 20727: nginx: 当前收消息队列/发消息队列大小分别为(0/0)，丢弃的待发送数据包数量为0。
2024/06/02 22:04:16 [stderr] 20727: nginx: -------------------------------------end---------------------------------------
2024/06/02 22:06:10 [stderr] 6554: nginx: ------------------------------------begin--------------------------------------
2024/06/02 22:06:10 [stderr] 6554: nginx: 当前在线人数/总人数(1/2048)。
2024/06/02 22:06:10 [stderr] 6554: nginx: 连接池中空闲连接/总连接/要释放的连接(2046/2048/0)。
2024/06/02 22:06:10 [stderr] 6554: nginx: 当前时间队列大小(1)。
2024/06/02 22:06:10 [stderr] 6554: nginx: 当前收消息队列/发消息队列大小分别为(0/0)，丢弃的待发送数据包数量为0。
2024/06/02 22:06:10 [stderr] 6554: nginx: -------------------------------------end---------------------------------------
2024/06/02 22:06:10 [stderr] 20727: nginx: ------------------------------------begin--------------------------------------
2024/06/02 22:06:10 [stderr] 20727: nginx: 当前在线人数/总人数(1/2048)。
2024/06/02 22:06:10 [stderr] 20727: nginx: 连接池中空闲连接/总连接/要释放的连接(2044/2048/2)。
2024/06/02 22:06:10 [stderr] 20727: nginx: 当前时间队列大小(1)。
2024/06/02 22:06:10 [stderr] 20727: nginx: 当前收消息队列/发消息队列大小分别为(0/0)，丢弃的待发送数据包数量为0。
2024/06/02 22:06:10 [stderr] 20727: nginx: -------------------------------------end---------------------------------------
2024/06/02 22:08:34 [stderr] 6554: nginx: ------------------------------------begin--------------------------------------
2024/06/02 22:08:34 [stderr] 6554: nginx: 当前在线人数/总人数(1/2048)。
2024/06/02 22:08:34 [stderr] 6554: nginx: 连接池中空闲连接/总连接/要释放的连接(2045/2048/1)。
2024/06/02 22:08:34 [stderr] 6554: nginx: 当前时间队列大小(1)。
2024/06/02 22:08:34 [stderr] 6554: nginx: 当前收消息队列/发消息队列大小分别为(0/0)，丢弃的待发送数据包数量为0。
2024/06/02 22:08:34 [stderr] 6554: nginx: -------------------------------------end---------------------------------------
